<?xml version="1.0" encoding="UTF-8"?>
<coverage generated="1679709585564" clover="3.2.0">
  <project timestamp="1679709585564" name="All files">
    <metrics statements="56" coveredstatements="50" conditionals="32" coveredconditionals="25" methods="28" coveredmethods="24" elements="116" coveredelements="99" complexity="0" loc="56" ncloc="56" packages="2" files="8" classes="8"/>
    <package name="src">
      <metrics statements="41" coveredstatements="35" conditionals="28" coveredconditionals="21" methods="19" coveredmethods="15"/>
      <file name="App.jsx" path="/home/franklinjpt/scrimba/tenzies-game/src/App.jsx">
        <metrics statements="41" coveredstatements="35" conditionals="28" coveredconditionals="21" methods="19" coveredmethods="15"/>
        <line num="10" count="1" type="stmt"/>
        <line num="11" count="1" type="stmt"/>
        <line num="16" count="19" type="stmt"/>
        <line num="17" count="19" type="stmt"/>
        <line num="18" count="19" type="stmt"/>
        <line num="19" count="19" type="stmt"/>
        <line num="20" count="4" type="stmt"/>
        <line num="21" count="4" type="cond" truecount="2" falsecount="0"/>
        <line num="24" count="19" type="stmt"/>
        <line num="25" count="17" type="stmt"/>
        <line num="26" count="72" type="stmt"/>
        <line num="27" count="154" type="stmt"/>
        <line num="28" count="17" type="cond" truecount="4" falsecount="0"/>
        <line num="29" count="1" type="stmt"/>
        <line num="33" count="19" type="stmt"/>
        <line num="34" count="5" type="cond" truecount="2" falsecount="0"/>
        <line num="35" count="1" type="stmt"/>
        <line num="39" count="19" type="stmt"/>
        <line num="40" count="5" type="stmt"/>
        <line num="44" count="1" type="stmt"/>
        <line num="45" count="1" type="stmt"/>
        <line num="46" count="1" type="stmt"/>
        <line num="49" count="1" type="cond" truecount="2" falsecount="2"/>
        <line num="50" count="1" type="cond" truecount="1" falsecount="1"/>
        <line num="51" count="1" type="stmt"/>
        <line num="52" count="0" type="cond" truecount="0" falsecount="2"/>
        <line num="53" count="0" type="stmt"/>
        <line num="58" count="40" type="stmt"/>
        <line num="65" count="1" type="stmt"/>
        <line num="66" count="1" type="stmt"/>
        <line num="67" count="10" type="cond" truecount="1" falsecount="1"/>
        <line num="77" count="12" type="cond" truecount="1" falsecount="1"/>
        <line num="78" count="0" type="stmt"/>
        <line num="81" count="12" type="stmt"/>
        <line num="82" count="120" type="cond" truecount="2" falsecount="0"/>
        <line num="83" count="12" type="stmt"/>
        <line num="88" count="108" type="stmt"/>
        <line num="93" count="0" type="stmt"/>
        <line num="94" count="0" type="stmt"/>
        <line num="95" count="0" type="stmt"/>
        <line num="98" count="19" type="stmt"/>
      </file>
    </package>
    <package name="src.components">
      <metrics statements="15" coveredstatements="15" conditionals="4" coveredconditionals="4" methods="9" coveredmethods="9"/>
      <file name="DiceContainer.jsx" path="/home/franklinjpt/scrimba/tenzies-game/src/components/DiceContainer.jsx">
        <metrics statements="4" coveredstatements="4" conditionals="0" coveredconditionals="0" methods="3" coveredmethods="3"/>
        <line num="4" count="2" type="stmt"/>
        <line num="5" count="20" type="stmt"/>
        <line num="8" count="200" type="stmt"/>
        <line num="12" count="12" type="stmt"/>
      </file>
      <file name="Die.jsx" path="/home/franklinjpt/scrimba/tenzies-game/src/components/Die.jsx">
        <metrics statements="2" coveredstatements="2" conditionals="2" coveredconditionals="2" methods="1" coveredmethods="1"/>
        <line num="4" count="200" type="cond" truecount="2" falsecount="0"/>
        <line num="6" count="200" type="stmt"/>
      </file>
      <file name="GameTitle.jsx" path="/home/franklinjpt/scrimba/tenzies-game/src/components/GameTitle.jsx">
        <metrics statements="2" coveredstatements="2" conditionals="0" coveredconditionals="0" methods="1" coveredmethods="1"/>
        <line num="2" count="1" type="stmt"/>
        <line num="3" count="19" type="stmt"/>
      </file>
      <file name="RollButton.jsx" path="/home/franklinjpt/scrimba/tenzies-game/src/components/RollButton.jsx">
        <metrics statements="2" coveredstatements="2" conditionals="2" coveredconditionals="2" methods="1" coveredmethods="1"/>
        <line num="3" count="2" type="stmt"/>
        <line num="4" count="20" type="stmt"/>
      </file>
      <file name="Score.jsx" path="/home/franklinjpt/scrimba/tenzies-game/src/components/Score.jsx">
        <metrics statements="1" coveredstatements="1" conditionals="0" coveredconditionals="0" methods="1" coveredmethods="1"/>
        <line num="3" count="19" type="stmt"/>
      </file>
      <file name="ScoreCount.jsx" path="/home/franklinjpt/scrimba/tenzies-game/src/components/ScoreCount.jsx">
        <metrics statements="2" coveredstatements="2" conditionals="0" coveredconditionals="0" methods="1" coveredmethods="1"/>
        <line num="3" count="1" type="stmt"/>
        <line num="4" count="19" type="stmt"/>
      </file>
      <file name="WinMessage.jsx" path="/home/franklinjpt/scrimba/tenzies-game/src/components/WinMessage.jsx">
        <metrics statements="2" coveredstatements="2" conditionals="0" coveredconditionals="0" methods="1" coveredmethods="1"/>
        <line num="3" count="1" type="stmt"/>
        <line num="4" count="2" type="stmt"/>
      </file>
    </package>
  </project>
</coverage>
