{"/home/franklinjpt/scrimba/tenzies-game/src/App.jsx": {"path":"/home/franklinjpt/scrimba/tenzies-game/src/App.jsx","statementMap":{"0":{"start":{"line":10,"column":19},"end":{"line":10,"column":20}},"1":{"start":{"line":11,"column":23},"end":{"line":11,"column":25}},"2":{"start":{"line":16,"column":26},"end":{"line":16,"column":46}},"3":{"start":{"line":17,"column":34},"end":{"line":17,"column":49}},"4":{"start":{"line":18,"column":28},"end":{"line":18,"column":39}},"5":{"start":{"line":19,"column":28},"end":{"line":22,"column":4}},"6":{"start":{"line":20,"column":24},"end":{"line":20,"column":53}},"7":{"start":{"line":21,"column":4},"end":{"line":21,"column":53}},"8":{"start":{"line":24,"column":2},"end":{"line":31,"column":12}},"9":{"start":{"line":25,"column":26},"end":{"line":25,"column":39}},"10":{"start":{"line":26,"column":22},"end":{"line":26,"column":51}},"11":{"start":{"line":26,"column":40},"end":{"line":26,"column":50}},"12":{"start":{"line":27,"column":23},"end":{"line":27,"column":69}},"13":{"start":{"line":27,"column":41},"end":{"line":27,"column":68}},"14":{"start":{"line":28,"column":4},"end":{"line":30,"column":5}},"15":{"start":{"line":29,"column":6},"end":{"line":29,"column":23}},"16":{"start":{"line":33,"column":2},"end":{"line":37,"column":17}},"17":{"start":{"line":34,"column":4},"end":{"line":36,"column":5}},"18":{"start":{"line":35,"column":6},"end":{"line":35,"column":22}},"19":{"start":{"line":39,"column":2},"end":{"line":41,"column":13}},"20":{"start":{"line":40,"column":4},"end":{"line":40,"column":56}},"21":{"start":{"line":44,"column":24},"end":{"line":47,"column":5}},"22":{"start":{"line":45,"column":6},"end":{"line":45,"column":37}},"23":{"start":{"line":45,"column":30},"end":{"line":45,"column":35}},"24":{"start":{"line":46,"column":6},"end":{"line":46,"column":25}},"25":{"start":{"line":49,"column":4},"end":{"line":54,"column":5}},"26":{"start":{"line":49,"column":56},"end":{"line":49,"column":77}},"27":{"start":{"line":50,"column":23},"end":{"line":50,"column":75}},"28":{"start":{"line":51,"column":6},"end":{"line":51,"column":40}},"29":{"start":{"line":52,"column":11},"end":{"line":54,"column":5}},"30":{"start":{"line":52,"column":43},"end":{"line":52,"column":66}},"31":{"start":{"line":53,"column":6},"end":{"line":53,"column":19}},"32":{"start":{"line":58,"column":4},"end":{"line":61,"column":7}},"33":{"start":{"line":58,"column":55},"end":{"line":61,"column":5}},"34":{"start":{"line":65,"column":4},"end":{"line":65,"column":23}},"35":{"start":{"line":66,"column":4},"end":{"line":73,"column":7}},"36":{"start":{"line":67,"column":6},"end":{"line":72,"column":9}},"37":{"start":{"line":77,"column":4},"end":{"line":79,"column":5}},"38":{"start":{"line":78,"column":6},"end":{"line":78,"column":12}},"39":{"start":{"line":81,"column":4},"end":{"line":89,"column":7}},"40":{"start":{"line":82,"column":6},"end":{"line":87,"column":7}},"41":{"start":{"line":83,"column":8},"end":{"line":86,"column":9}},"42":{"start":{"line":88,"column":6},"end":{"line":88,"column":16}},"43":{"start":{"line":93,"column":4},"end":{"line":93,"column":25}},"44":{"start":{"line":94,"column":4},"end":{"line":94,"column":22}},"45":{"start":{"line":95,"column":4},"end":{"line":95,"column":15}},"46":{"start":{"line":98,"column":2},"end":{"line":112,"column":3}}},"fnMap":{"0":{"name":"App","decl":{"start":{"line":13,"column":9},"end":{"line":13,"column":12}},"loc":{"start":{"line":13,"column":15},"end":{"line":113,"column":1}},"line":13},"1":{"name":"(anonymous_1)","decl":{"start":{"line":19,"column":37},"end":{"line":19,"column":38}},"loc":{"start":{"line":19,"column":43},"end":{"line":22,"column":3}},"line":19},"2":{"name":"(anonymous_2)","decl":{"start":{"line":24,"column":12},"end":{"line":24,"column":13}},"loc":{"start":{"line":24,"column":18},"end":{"line":31,"column":3}},"line":24},"3":{"name":"(anonymous_3)","decl":{"start":{"line":26,"column":33},"end":{"line":26,"column":34}},"loc":{"start":{"line":26,"column":40},"end":{"line":26,"column":50}},"line":26},"4":{"name":"(anonymous_4)","decl":{"start":{"line":27,"column":34},"end":{"line":27,"column":35}},"loc":{"start":{"line":27,"column":41},"end":{"line":27,"column":68}},"line":27},"5":{"name":"(anonymous_5)","decl":{"start":{"line":33,"column":12},"end":{"line":33,"column":13}},"loc":{"start":{"line":33,"column":18},"end":{"line":37,"column":3}},"line":33},"6":{"name":"(anonymous_6)","decl":{"start":{"line":39,"column":12},"end":{"line":39,"column":13}},"loc":{"start":{"line":39,"column":18},"end":{"line":41,"column":3}},"line":39},"7":{"name":"trackingScore","decl":{"start":{"line":43,"column":11},"end":{"line":43,"column":24}},"loc":{"start":{"line":43,"column":27},"end":{"line":55,"column":3}},"line":43},"8":{"name":"(anonymous_8)","decl":{"start":{"line":44,"column":24},"end":{"line":44,"column":25}},"loc":{"start":{"line":44,"column":38},"end":{"line":47,"column":5}},"line":44},"9":{"name":"(anonymous_9)","decl":{"start":{"line":45,"column":20},"end":{"line":45,"column":21}},"loc":{"start":{"line":45,"column":30},"end":{"line":45,"column":35}},"line":45},"10":{"name":"(anonymous_10)","decl":{"start":{"line":49,"column":39},"end":{"line":49,"column":40}},"loc":{"start":{"line":49,"column":56},"end":{"line":49,"column":77}},"line":49},"11":{"name":"(anonymous_11)","decl":{"start":{"line":52,"column":26},"end":{"line":52,"column":27}},"loc":{"start":{"line":52,"column":43},"end":{"line":52,"column":66}},"line":52},"12":{"name":"allNewDice","decl":{"start":{"line":57,"column":11},"end":{"line":57,"column":21}},"loc":{"start":{"line":57,"column":24},"end":{"line":62,"column":3}},"line":57},"13":{"name":"(anonymous_13)","decl":{"start":{"line":58,"column":48},"end":{"line":58,"column":49}},"loc":{"start":{"line":58,"column":55},"end":{"line":61,"column":5}},"line":58},"14":{"name":"rollDice","decl":{"start":{"line":64,"column":11},"end":{"line":64,"column":19}},"loc":{"start":{"line":64,"column":22},"end":{"line":74,"column":3}},"line":64},"15":{"name":"(anonymous_15)","decl":{"start":{"line":66,"column":21},"end":{"line":66,"column":22}},"loc":{"start":{"line":67,"column":6},"end":{"line":72,"column":9}},"line":67},"16":{"name":"holdDice","decl":{"start":{"line":76,"column":11},"end":{"line":76,"column":19}},"loc":{"start":{"line":76,"column":24},"end":{"line":90,"column":3}},"line":76},"17":{"name":"(anonymous_17)","decl":{"start":{"line":81,"column":21},"end":{"line":81,"column":22}},"loc":{"start":{"line":81,"column":37},"end":{"line":89,"column":5}},"line":81},"18":{"name":"newGame","decl":{"start":{"line":92,"column":11},"end":{"line":92,"column":18}},"loc":{"start":{"line":92,"column":21},"end":{"line":96,"column":3}},"line":92}},"branchMap":{"0":{"loc":{"start":{"line":21,"column":11},"end":{"line":21,"column":53}},"type":"cond-expr","locations":[{"start":{"line":21,"column":25},"end":{"line":21,"column":48}},{"start":{"line":21,"column":51},"end":{"line":21,"column":53}}],"line":21},"1":{"loc":{"start":{"line":28,"column":4},"end":{"line":30,"column":5}},"type":"if","locations":[{"start":{"line":28,"column":4},"end":{"line":30,"column":5}},{"start":{},"end":{}}],"line":28},"2":{"loc":{"start":{"line":28,"column":7},"end":{"line":28,"column":30}},"type":"binary-expr","locations":[{"start":{"line":28,"column":7},"end":{"line":28,"column":16}},{"start":{"line":28,"column":20},"end":{"line":28,"column":30}}],"line":28},"3":{"loc":{"start":{"line":34,"column":4},"end":{"line":36,"column":5}},"type":"if","locations":[{"start":{"line":34,"column":4},"end":{"line":36,"column":5}},{"start":{},"end":{}}],"line":34},"4":{"loc":{"start":{"line":49,"column":4},"end":{"line":54,"column":5}},"type":"if","locations":[{"start":{"line":49,"column":4},"end":{"line":54,"column":5}},{"start":{"line":52,"column":11},"end":{"line":54,"column":5}}],"line":49},"5":{"loc":{"start":{"line":49,"column":8},"end":{"line":49,"column":78}},"type":"binary-expr","locations":[{"start":{"line":49,"column":8},"end":{"line":49,"column":24}},{"start":{"line":49,"column":28},"end":{"line":49,"column":78}}],"line":49},"6":{"loc":{"start":{"line":50,"column":38},"end":{"line":50,"column":74}},"type":"cond-expr","locations":[{"start":{"line":50,"column":57},"end":{"line":50,"column":69}},{"start":{"line":50,"column":72},"end":{"line":50,"column":74}}],"line":50},"7":{"loc":{"start":{"line":52,"column":11},"end":{"line":54,"column":5}},"type":"if","locations":[{"start":{"line":52,"column":11},"end":{"line":54,"column":5}},{"start":{},"end":{}}],"line":52},"8":{"loc":{"start":{"line":67,"column":6},"end":{"line":72,"column":9}},"type":"cond-expr","locations":[{"start":{"line":68,"column":8},"end":{"line":68,"column":11}},{"start":{"line":69,"column":8},"end":{"line":72,"column":9}}],"line":67},"9":{"loc":{"start":{"line":77,"column":4},"end":{"line":79,"column":5}},"type":"if","locations":[{"start":{"line":77,"column":4},"end":{"line":79,"column":5}},{"start":{},"end":{}}],"line":77},"10":{"loc":{"start":{"line":82,"column":6},"end":{"line":87,"column":7}},"type":"if","locations":[{"start":{"line":82,"column":6},"end":{"line":87,"column":7}},{"start":{},"end":{}}],"line":82},"11":{"loc":{"start":{"line":101,"column":11},"end":{"line":101,"column":35}},"type":"binary-expr","locations":[{"start":{"line":101,"column":11},"end":{"line":101,"column":19}},{"start":{"line":101,"column":23},"end":{"line":101,"column":35}}],"line":101},"12":{"loc":{"start":{"line":107,"column":51},"end":{"line":107,"column":80}},"type":"cond-expr","locations":[{"start":{"line":107,"column":62},"end":{"line":107,"column":69}},{"start":{"line":107,"column":72},"end":{"line":107,"column":80}}],"line":107},"13":{"loc":{"start":{"line":108,"column":11},"end":{"line":108,"column":37}},"type":"binary-expr","locations":[{"start":{"line":108,"column":11},"end":{"line":108,"column":19}},{"start":{"line":108,"column":23},"end":{"line":108,"column":37}}],"line":108}},"s":{"0":1,"1":1,"2":19,"3":19,"4":19,"5":19,"6":4,"7":4,"8":19,"9":17,"10":17,"11":72,"12":17,"13":154,"14":17,"15":1,"16":19,"17":5,"18":1,"19":19,"20":5,"21":1,"22":1,"23":0,"24":1,"25":1,"26":0,"27":1,"28":1,"29":0,"30":0,"31":0,"32":4,"33":40,"34":1,"35":1,"36":10,"37":12,"38":0,"39":12,"40":120,"41":12,"42":108,"43":0,"44":0,"45":0,"46":19},"f":{"0":19,"1":4,"2":17,"3":72,"4":154,"5":5,"6":5,"7":1,"8":1,"9":0,"10":0,"11":0,"12":4,"13":40,"14":1,"15":10,"16":12,"17":120,"18":0},"b":{"0":[2,2],"1":[1,16],"2":[17,1],"3":[1,4],"4":[1,0],"5":[1,0],"6":[1,0],"7":[0,0],"8":[0,10],"9":[0,12],"10":[12,108],"11":[19,2],"12":[2,17],"13":[19,2]},"_coverageSchema":"1a1c01bbd47fc00a2c39e90264f33305004495a9","hash":"833bc1890f41a8d93e463c6f153498056dbb5c2a"}
,"/home/franklinjpt/scrimba/tenzies-game/src/components/DiceContainer.jsx": {"path":"/home/franklinjpt/scrimba/tenzies-game/src/components/DiceContainer.jsx","statementMap":{"0":{"start":{"line":4,"column":22},"end":{"line":17,"column":1}},"1":{"start":{"line":5,"column":2},"end":{"line":16,"column":4}},"2":{"start":{"line":8,"column":12},"end":{"line":13,"column":14}},"3":{"start":{"line":12,"column":32},"end":{"line":12,"column":47}}},"fnMap":{"0":{"name":"(anonymous_0)","decl":{"start":{"line":4,"column":22},"end":{"line":4,"column":23}},"loc":{"start":{"line":4,"column":46},"end":{"line":17,"column":1}},"line":4},"1":{"name":"(anonymous_1)","decl":{"start":{"line":7,"column":18},"end":{"line":7,"column":19}},"loc":{"start":{"line":8,"column":12},"end":{"line":13,"column":14}},"line":8},"2":{"name":"(anonymous_2)","decl":{"start":{"line":12,"column":26},"end":{"line":12,"column":27}},"loc":{"start":{"line":12,"column":32},"end":{"line":12,"column":47}},"line":12}},"branchMap":{},"s":{"0":2,"1":20,"2":200,"3":12},"f":{"0":20,"1":200,"2":12},"b":{},"_coverageSchema":"1a1c01bbd47fc00a2c39e90264f33305004495a9","hash":"77bc7fa21bceb9037e9bfa5a2ab2cfe1c0513c60"}
,"/home/franklinjpt/scrimba/tenzies-game/src/components/Die.jsx": {"path":"/home/franklinjpt/scrimba/tenzies-game/src/components/Die.jsx","statementMap":{"0":{"start":{"line":4,"column":23},"end":{"line":4,"column":54}},"1":{"start":{"line":6,"column":2},"end":{"line":13,"column":3}}},"fnMap":{"0":{"name":"Die","decl":{"start":{"line":2,"column":24},"end":{"line":2,"column":27}},"loc":{"start":{"line":2,"column":55},"end":{"line":14,"column":1}},"line":2}},"branchMap":{"0":{"loc":{"start":{"line":4,"column":23},"end":{"line":4,"column":54}},"type":"cond-expr","locations":[{"start":{"line":4,"column":32},"end":{"line":4,"column":46}},{"start":{"line":4,"column":49},"end":{"line":4,"column":54}}],"line":4}},"s":{"0":200,"1":200},"f":{"0":200},"b":{"0":[76,124]},"_coverageSchema":"1a1c01bbd47fc00a2c39e90264f33305004495a9","hash":"9e1ce5941bf3510a541bcac923290ea3e8762309"}
,"/home/franklinjpt/scrimba/tenzies-game/src/components/GameTitle.jsx": {"path":"/home/franklinjpt/scrimba/tenzies-game/src/components/GameTitle.jsx","statementMap":{"0":{"start":{"line":2,"column":18},"end":{"line":12,"column":1}},"1":{"start":{"line":3,"column":2},"end":{"line":11,"column":4}}},"fnMap":{"0":{"name":"(anonymous_0)","decl":{"start":{"line":2,"column":18},"end":{"line":2,"column":19}},"loc":{"start":{"line":2,"column":24},"end":{"line":12,"column":1}},"line":2}},"branchMap":{},"s":{"0":1,"1":19},"f":{"0":19},"b":{},"_coverageSchema":"1a1c01bbd47fc00a2c39e90264f33305004495a9","hash":"e1e13231f2475b340fa7f4274d8c59c8e0842d66"}
,"/home/franklinjpt/scrimba/tenzies-game/src/components/RollButton.jsx": {"path":"/home/franklinjpt/scrimba/tenzies-game/src/components/RollButton.jsx","statementMap":{"0":{"start":{"line":3,"column":19},"end":{"line":9,"column":1}},"1":{"start":{"line":4,"column":2},"end":{"line":8,"column":4}}},"fnMap":{"0":{"name":"(anonymous_0)","decl":{"start":{"line":3,"column":19},"end":{"line":3,"column":20}},"loc":{"start":{"line":3,"column":46},"end":{"line":9,"column":1}},"line":3}},"branchMap":{"0":{"loc":{"start":{"line":6,"column":9},"end":{"line":6,"column":39}},"type":"cond-expr","locations":[{"start":{"line":6,"column":20},"end":{"line":6,"column":30}},{"start":{"line":6,"column":33},"end":{"line":6,"column":39}}],"line":6}},"s":{"0":2,"1":20},"f":{"0":20},"b":{"0":[2,18]},"_coverageSchema":"1a1c01bbd47fc00a2c39e90264f33305004495a9","hash":"c2c886f23b4cb29d5dfe44af3d89b7950a94aaeb"}
,"/home/franklinjpt/scrimba/tenzies-game/src/components/Score.jsx": {"path":"/home/franklinjpt/scrimba/tenzies-game/src/components/Score.jsx","statementMap":{"0":{"start":{"line":3,"column":2},"end":{"line":37,"column":3}}},"fnMap":{"0":{"name":"Score","decl":{"start":{"line":2,"column":24},"end":{"line":2,"column":29}},"loc":{"start":{"line":2,"column":38},"end":{"line":38,"column":1}},"line":2}},"branchMap":{},"s":{"0":19},"f":{"0":19},"b":{},"_coverageSchema":"1a1c01bbd47fc00a2c39e90264f33305004495a9","hash":"4de79274d64d7a25ff62287dfcc7f06b5fed9b3d"}
,"/home/franklinjpt/scrimba/tenzies-game/src/components/ScoreCount.jsx": {"path":"/home/franklinjpt/scrimba/tenzies-game/src/components/ScoreCount.jsx","statementMap":{"0":{"start":{"line":3,"column":19},"end":{"line":10,"column":1}},"1":{"start":{"line":4,"column":2},"end":{"line":9,"column":4}}},"fnMap":{"0":{"name":"(anonymous_0)","decl":{"start":{"line":3,"column":19},"end":{"line":3,"column":20}},"loc":{"start":{"line":3,"column":34},"end":{"line":10,"column":1}},"line":3}},"branchMap":{},"s":{"0":1,"1":19},"f":{"0":19},"b":{},"_coverageSchema":"1a1c01bbd47fc00a2c39e90264f33305004495a9","hash":"5cabf86e57c3f591d6d3367eaccb3cd6dd99c3e3"}
,"/home/franklinjpt/scrimba/tenzies-game/src/components/WinMessage.jsx": {"path":"/home/franklinjpt/scrimba/tenzies-game/src/components/WinMessage.jsx","statementMap":{"0":{"start":{"line":3,"column":19},"end":{"line":5,"column":1}},"1":{"start":{"line":4,"column":2},"end":{"line":4,"column":49}}},"fnMap":{"0":{"name":"(anonymous_0)","decl":{"start":{"line":3,"column":19},"end":{"line":3,"column":20}},"loc":{"start":{"line":3,"column":25},"end":{"line":5,"column":1}},"line":3}},"branchMap":{},"s":{"0":1,"1":2},"f":{"0":2},"b":{},"_coverageSchema":"1a1c01bbd47fc00a2c39e90264f33305004495a9","hash":"2d23cac1e70dc3761ef7920066cf8730c152530a"}
}
