TN:
SF:src/App.jsx
FN:13,App
FN:19,(anonymous_1)
FN:24,(anonymous_2)
FN:26,(anonymous_3)
FN:27,(anonymous_4)
FN:33,(anonymous_5)
FN:39,(anonymous_6)
FN:43,trackingScore
FN:44,(anonymous_8)
FN:45,(anonymous_9)
FN:49,(anonymous_10)
FN:52,(anonymous_11)
FN:57,allNewDice
FN:58,(anonymous_13)
FN:64,rollDice
FN:66,(anonymous_15)
FN:76,holdDice
FN:81,(anonymous_17)
FN:92,newGame
FNF:19
FNH:15
FNDA:19,App
FNDA:4,(anonymous_1)
FNDA:17,(anonymous_2)
FNDA:72,(anonymous_3)
FNDA:154,(anonymous_4)
FNDA:5,(anonymous_5)
FNDA:5,(anonymous_6)
FNDA:1,trackingScore
FNDA:1,(anonymous_8)
FNDA:0,(anonymous_9)
FNDA:0,(anonymous_10)
FNDA:0,(anonymous_11)
FNDA:4,allNewDice
FNDA:40,(anonymous_13)
FNDA:1,rollDice
FNDA:10,(anonymous_15)
FNDA:12,holdDice
FNDA:120,(anonymous_17)
FNDA:0,newGame
DA:10,1
DA:11,1
DA:16,19
DA:17,19
DA:18,19
DA:19,19
DA:20,4
DA:21,4
DA:24,19
DA:25,17
DA:26,72
DA:27,154
DA:28,17
DA:29,1
DA:33,19
DA:34,5
DA:35,1
DA:39,19
DA:40,5
DA:44,1
DA:45,1
DA:46,1
DA:49,1
DA:50,1
DA:51,1
DA:52,0
DA:53,0
DA:58,40
DA:65,1
DA:66,1
DA:67,10
DA:77,12
DA:78,0
DA:81,12
DA:82,120
DA:83,12
DA:88,108
DA:93,0
DA:94,0
DA:95,0
DA:98,19
LF:41
LH:35
BRDA:21,0,0,2
BRDA:21,0,1,2
BRDA:28,1,0,1
BRDA:28,1,1,16
BRDA:28,2,0,17
BRDA:28,2,1,1
BRDA:34,3,0,1
BRDA:34,3,1,4
BRDA:49,4,0,1
BRDA:49,4,1,0
BRDA:49,5,0,1
BRDA:49,5,1,0
BRDA:50,6,0,1
BRDA:50,6,1,0
BRDA:52,7,0,0
BRDA:52,7,1,0
BRDA:67,8,0,0
BRDA:67,8,1,10
BRDA:77,9,0,0
BRDA:77,9,1,12
BRDA:82,10,0,12
BRDA:82,10,1,108
BRDA:101,11,0,19
BRDA:101,11,1,2
BRDA:107,12,0,2
BRDA:107,12,1,17
BRDA:108,13,0,19
BRDA:108,13,1,2
BRF:28
BRH:21
end_of_record
TN:
SF:src/components/DiceContainer.jsx
FN:4,(anonymous_0)
FN:7,(anonymous_1)
FN:12,(anonymous_2)
FNF:3
FNH:3
FNDA:20,(anonymous_0)
FNDA:200,(anonymous_1)
FNDA:12,(anonymous_2)
DA:4,2
DA:5,20
DA:8,200
DA:12,12
LF:4
LH:4
BRF:0
BRH:0
end_of_record
TN:
SF:src/components/Die.jsx
FN:2,Die
FNF:1
FNH:1
FNDA:200,Die
DA:4,200
DA:6,200
LF:2
LH:2
BRDA:4,0,0,76
BRDA:4,0,1,124
BRF:2
BRH:2
end_of_record
TN:
SF:src/components/GameTitle.jsx
FN:2,(anonymous_0)
FNF:1
FNH:1
FNDA:19,(anonymous_0)
DA:2,1
DA:3,19
LF:2
LH:2
BRF:0
BRH:0
end_of_record
TN:
SF:src/components/RollButton.jsx
FN:3,(anonymous_0)
FNF:1
FNH:1
FNDA:20,(anonymous_0)
DA:3,2
DA:4,20
LF:2
LH:2
BRDA:6,0,0,2
BRDA:6,0,1,18
BRF:2
BRH:2
end_of_record
TN:
SF:src/components/Score.jsx
FN:2,Score
FNF:1
FNH:1
FNDA:19,Score
DA:3,19
LF:1
LH:1
BRF:0
BRH:0
end_of_record
TN:
SF:src/components/ScoreCount.jsx
FN:3,(anonymous_0)
FNF:1
FNH:1
FNDA:19,(anonymous_0)
DA:3,1
DA:4,19
LF:2
LH:2
BRF:0
BRH:0
end_of_record
TN:
SF:src/components/WinMessage.jsx
FN:3,(anonymous_0)
FNF:1
FNH:1
FNDA:2,(anonymous_0)
DA:3,1
DA:4,2
LF:2
LH:2
BRF:0
BRH:0
end_of_record
